<?xml version="1.0" encoding="UTF-8"?><testsuite errors="0" failures="4" name="Search for the product" skipped="0" tests="7" time="9.46" timestamp="2022-01-27 10:37:23"><testcase name="Verify search product request (positive flow)"><failure message="1 expectation failed.&#10;Expected status code &lt;202&gt; but was &lt;200&gt;.&#10;" type="java.lang.AssertionError">1 expectation failed.
Expected status code &lt;202&gt; but was &lt;200&gt;.
</failure><system-err>1 expectation failed.
Expected status code &lt;202&gt; but was &lt;200&gt;.

io.restassured.internal.ResponseSpecificationImpl.validateResponseIfRequired(ResponseSpecificationImpl.groovy:674)
io.restassured.internal.ResponseSpecificationImpl.statusCode(ResponseSpecificationImpl.groovy:126)
io.restassured.internal.ResponseSpecificationImpl.statusCode(ResponseSpecificationImpl.groovy:134)
io.restassured.internal.ValidatableResponseOptionsImpl.statusCode(ValidatableResponseOptionsImpl.java:89)
io.restassured.internal.ValidatableResponseImpl.super$2$statusCode(ValidatableResponseImpl.groovy)
groovy.lang.MetaMethod.doMethodInvoke(MetaMethod.java:323)
groovy.lang.MetaClassImpl.invokeMethod(MetaClassImpl.java:1268)
io.restassured.internal.ValidatableResponseImpl.statusCode(ValidatableResponseImpl.groovy:142)
io.restassured.internal.ValidatableResponseImpl.statusCode(ValidatableResponseImpl.groovy)
starter.stepdefinitions.SearchStepDefinitions.lambda$userShouldGetStatusCode$0(SearchStepDefinitions.java:41)
net.serenitybdd.rest.SerenityRest.restAssuredThat(SerenityRest.java:626)
starter.stepdefinitions.SearchStepDefinitions.userShouldGetStatusCode(SearchStepDefinitions.java:41)
âœ½.user should get 202 response code(file:///home/runner/work/leaseplan-example/leaseplan-example/src/test/resources/features/search/post_product.feature:9)
</system-err></testcase><testcase name="Verify search product request (negative flow - unavailable item)"/><testcase name="Verify search product request (negative flow - wrong search param)"/></testsuite>